{
  "RSpec": {
    "coverage": {
      "/home/zain/Desktop/rails_projects/meeting-calendar/spec/models/calendar_spec.rb": [
        null,
        null,
        1,
        null,
        1,
        3,
        null,
        1,
        1,
        1,
        null,
        1,
        1,
        1,
        null,
        1,
        1,
        1,
        null,
        null,
        null,
        null,
        1,
        1,
        1,
        null,
        1,
        1,
        1,
        1,
        null,
        null,
        null
      ],
      "/home/zain/Desktop/rails_projects/meeting-calendar/spec/rails_helper.rb": [
        null,
        null,
        null,
        1,
        1,
        1,
        null,
        1,
        0,
        null,
        1,
        null,
        null,
        null,
        null,
        null,
        null,
        null,
        null,
        null,
        null,
        null,
        null,
        null,
        null,
        null,
        null,
        null,
        null,
        null,
        1,
        1,
        null,
        0,
        0,
        null,
        1,
        null,
        1,
        null,
        null,
        null,
        null,
        1,
        null,
        null,
        null,
        null,
        null,
        null,
        null,
        null,
        null,
        null,
        null,
        null,
        null,
        null,
        null,
        null,
        null,
        1,
        null,
        null,
        1,
        null,
        null,
        null
      ],
      "/home/zain/Desktop/rails_projects/meeting-calendar/app/models/calendar.rb": [
        null,
        null,
        1,
        1,
        1,
        null
      ],
      "/home/zain/Desktop/rails_projects/meeting-calendar/spec/models/mentor_spec.rb": [
        null,
        null,
        1,
        null,
        1,
        3,
        null,
        1,
        1,
        1,
        1,
        null,
        null,
        1,
        1,
        1,
        null,
        null,
        null,
        1,
        1,
        1,
        null,
        null,
        1,
        1,
        1,
        null,
        null,
        1,
        1,
        null,
        null,
        null,
        1,
        1,
        1,
        null,
        null,
        null,
        null,
        1,
        1,
        1,
        1,
        1,
        null,
        null,
        null,
        1,
        1,
        1,
        null,
        null,
        1,
        1,
        1,
        1,
        null,
        null,
        null
      ],
      "/home/zain/Desktop/rails_projects/meeting-calendar/app/models/mentor.rb": [
        null,
        null,
        1,
        1,
        1,
        null,
        1,
        1,
        null
      ],
      "/home/zain/Desktop/rails_projects/meeting-calendar/spec/models/slot_spec.rb": [
        null,
        null,
        1,
        null,
        1,
        5,
        5,
        null,
        1,
        1,
        3,
        3,
        3,
        null,
        1,
        1,
        1,
        null,
        null,
        null,
        null,
        null,
        1,
        1,
        1,
        null,
        null,
        null,
        1,
        1,
        1,
        null,
        null,
        null,
        null,
        null,
        1,
        1,
        1,
        null,
        null,
        null,
        1,
        1,
        1,
        null,
        null,
        null,
        null,
        null,
        null,
        1,
        null,
        null,
        null,
        null,
        null,
        null,
        1,
        1,
        1,
        null,
        null,
        null,
        null,
        1,
        1,
        1,
        1,
        1,
        null,
        null,
        1,
        1,
        1,
        1,
        null,
        null,
        null
      ],
      "/home/zain/Desktop/rails_projects/meeting-calendar/app/models/slot.rb": [
        null,
        null,
        1,
        1,
        1,
        1,
        null,
        1,
        1,
        null,
        1,
        1,
        null,
        1,
        5,
        5,
        null,
        0,
        0,
        null,
        null,
        1,
        11,
        1,
        null,
        null,
        1,
        null,
        null
      ],
      "/home/zain/Desktop/rails_projects/meeting-calendar/spec/models/user_spec.rb": [
        null,
        null,
        1,
        null,
        1,
        3,
        null,
        1,
        1,
        1,
        1,
        null,
        null,
        null,
        1,
        1,
        1,
        1,
        1,
        null,
        null,
        null,
        1,
        1,
        1,
        null,
        null,
        1,
        1,
        1,
        1,
        null,
        null,
        null,
        null,
        1,
        1,
        1,
        1,
        1,
        null,
        null,
        null,
        1,
        1,
        1,
        null,
        null,
        1,
        1,
        1,
        1,
        null,
        null,
        null
      ],
      "/home/zain/Desktop/rails_projects/meeting-calendar/spec/requests/api/slots_spec.rb": [
        null,
        null,
        1,
        null,
        1,
        3,
        3,
        null,
        1,
        1,
        2,
        2,
        2,
        null,
        null,
        1,
        1,
        1,
        null,
        null,
        null,
        null,
        null,
        1,
        null,
        null,
        1,
        1,
        null,
        null,
        null,
        null,
        null,
        null,
        1,
        1,
        1,
        null,
        null,
        null
      ],
      "/home/zain/Desktop/rails_projects/meeting-calendar/app/controllers/api/v1/mentors/calendars/slots_controller.rb": [
        null,
        null,
        1,
        1,
        1,
        1,
        1,
        null,
        1,
        1,
        null,
        null,
        1,
        1,
        1,
        1,
        1,
        null,
        0,
        null,
        null,
        null,
        null,
        1,
        1,
        1,
        1,
        null,
        0,
        null,
        null,
        null,
        1,
        null,
        1,
        1,
        null,
        null,
        1,
        2,
        null,
        null,
        1,
        2,
        null,
        null,
        null,
        null,
        null,
        null
      ],
      "/home/zain/Desktop/rails_projects/meeting-calendar/app/controllers/application_controller.rb": [
        null,
        null,
        1,
        1,
        1,
        1,
        1,
        null,
        1,
        null,
        1,
        null,
        1,
        3,
        0,
        null,
        null,
        1,
        3,
        0,
        null,
        null
      ],
      "/home/zain/Desktop/rails_projects/meeting-calendar/spec/requests/api/v1/days_spec.rb": [
        null,
        null,
        1,
        null,
        1,
        2,
        2,
        null,
        1,
        1,
        1,
        1,
        1,
        null,
        null,
        1,
        1,
        1,
        1,
        null,
        null,
        null
      ],
      "/home/zain/Desktop/rails_projects/meeting-calendar/app/controllers/api/v1/mentors/calendars/days_controller.rb": [
        null,
        null,
        1,
        1,
        1,
        1,
        1,
        1,
        1,
        null,
        null,
        1,
        1,
        24,
        null,
        1,
        0,
        null,
        1,
        null,
        null,
        1,
        0,
        0,
        null,
        null,
        1,
        null,
        1,
        0,
        null,
        null,
        1,
        0,
        null,
        null,
        1,
        0,
        null,
        null,
        null,
        null,
        null,
        null
      ],
      "/home/zain/Desktop/rails_projects/meeting-calendar/spec/services/agenda_syncer_spec.rb": [
        null,
        null,
        1,
        1,
        null,
        1,
        1,
        1,
        1,
        null,
        null,
        null,
        null,
        null,
        null,
        1,
        null,
        null,
        null,
        1,
        1,
        null,
        null,
        null,
        null,
        null,
        null,
        1,
        null,
        null,
        1,
        1,
        1,
        null,
        null,
        null,
        1,
        1,
        null,
        null,
        null,
        null
      ],
      "/home/zain/Desktop/rails_projects/meeting-calendar/app/services/agenda_syncer.rb": [
        null,
        null,
        1,
        null,
        1,
        1,
        null,
        1,
        1,
        1,
        null,
        null,
        1,
        1,
        1,
        null,
        null,
        null,
        null,
        null,
        1,
        null,
        0,
        null,
        0,
        null,
        null,
        0,
        null,
        null,
        1,
        null,
        null,
        1,
        1,
        1,
        1,
        null,
        null,
        null
      ],
      "/home/zain/Desktop/rails_projects/meeting-calendar/app/models/allowlisted_jwt.rb": [
        null,
        null,
        1,
        null
      ],
      "/home/zain/Desktop/rails_projects/meeting-calendar/app/jobs/sync_agenda.rb": [
        null,
        null,
        1,
        1,
        1,
        null,
        1,
        0,
        null,
        null
      ]
    },
    "timestamp": 1624188172
  }
}
